Produto Enfermagem adicionado ao carrinho!
Produto Curo de PHP Avançado adicionado ao carrinho!
Produto Curo de PHP Avançado adicionado ao carrinho!
Produto Curo de Excel adicionado ao carrinho!
Produto Curo de Excel adicionado ao carrinho!
Produto Curo de PHP Avançado adicionado ao carrinho!
Produto Curo de PHP Avançado adicionado ao carrinho!
Produto Curso de Python adicionado ao carrinho!
Produto Pacote Office adicionado ao carrinho!
Produto Curo de Excel adicionado ao carrinho!
Produto Curso de Python adicionado ao carrinho!
Produto Curo de PHP Avançado adicionado ao carrinho!
Produto PhotoShop adicionado ao carrinho!
Produto PhotoShop adicionado ao carrinho!
Produto Curso de Python adicionado ao carrinho!
Produto Curo de Excel adicionado ao carrinho!
Produto Curo de PHP Avançado adicionado ao carrinho!
Produto Pacote Office adicionado ao carrinho!
Produto PhotoShop adicionado ao carrinho!
Produto Curo de Excel adicionado ao carrinho
Produto Curso de Python adicionado ao carrinho
Produto Curso de Python adicionado ao carrinho
Produto Pacote Office adicionado ao carrinho
Produto Curo de Excel adicionado ao carrinho
Produto Curo de PHP Avançado adicionado ao carrinho
Produto Curo de PHP Avançado adicionado ao carrinho
Produto Curo de Excel adicionado ao carrinho
Produto Enfermagem adicionado ao carrinho
Produto PhotoShop adicionado ao carrinho
Produto Curso de Python adicionado ao carrinho
Produto Curo de PHP Avançado adicionado ao carrinho
Produto Curo de PHP Avançado adicionado ao carrinho
Produto Curo de PHP Avançado adicionado ao carrinho
Produto Curso de Python adicionado ao carrinho
Produto Curso de Python adicionado ao carrinho
Produto Curo de PHP Avançado adicionado ao carrinho
Produto Curo de Excel adicionado ao carrinho
Produto PhotoShop adicionado ao carrinho
Produto Curo de PHP Avançado adicionado ao carrinho
Produto Curso de Python adicionado ao carrinho
Produto Curso de Python adicionado ao carrinho
Produto Enfermagem adicionado ao carrinho
Produto Pacote Office adicionado ao carrinho
Produto Curo de Excel adicionado ao carrinho
Produto Curo de PHP Avançado adicionado ao carrinho
Produto Curo de Excel adicionado ao carrinho
Produto Curo de PHP Avançado adicionado ao carrinho
Produto Curso de Python adicionado ao carrinho
Produto Curo de Excel adicionado ao carrinho
Produto Enfermagem adicionado ao carrinho
Produto Pacote Office adicionado ao carrinho
Produto Curo de PHP Avançado adicionado ao carrinho
Produto Curo de PHP Avançado adicionado ao carrinho
Produto Curso de Python adicionado ao carrinho
Produto Enfermagem adicionado ao carrinho
Produto PhotoShop adicionado ao carrinho
Produto Curo de Excel adicionado ao carrinho
Produto Curo de Excel adicionado ao carrinho
Produto Pacote Office adicionado ao carrinho
Produto Curo de PHP Avançado adicionado ao carrinho
Produto Curso de Python adicionado ao carrinho
Produto SAPATO MASCULINO FREEWAY BOOSTER COURO NIGHT adicionado ao carrinho
Produto SAPATO MASCULINO FREEWAY BOOSTER COURO NIGHT adicionado ao carrinho
Produto SAPATO MASCULINO FREEWAY BOOSTER COURO NIGHT adicionado ao carrinho
Produto Mocassim Infantil Masculino Ortopé Passinhos - Marinho adicionado ao carrinho
Produto SAPATO MASCULINO FREEWAY BOOSTER COURO NIGHT adicionado ao carrinho
Produto Mocassim Infantil Masculino Ortopé Passinhos - Marinho adicionado ao carrinho
Produto SAPATO MASCULINO FREEWAY BOOSTER COURO NIGHT adicionado ao carrinho
Produto Mocassim Infantil Masculino Ortopé Passinhos - Marinho adicionado ao carrinho
Produto SANDÁLIA MASCULINA FREEWAY ONIX-2 COURO MOCA 43 adicionado ao carrinho
Produto SAPATO MASCULINO FREEWAY BOOSTER COURO NIGHT adicionado ao carrinho
Produto Scarpin Feminino Salto Alto Brilho Via Marte adicionado ao carrinho
Produto MOCASSIM FREEWAY COURO CANNES AZUL COBALTO 41 adicionado ao carrinho
Produto MOCASSIM FREEWAY COURO CANNES AZUL COBALTO 41 adicionado ao carrinho
Produto MOCASSIM FREEWAY COURO CANNES AZUL COBALTO 41 adicionado ao carrinho
Produto SAPATO MASCULINO FREEWAY BOOSTER COURO NIGHT adicionado ao carrinho
Produto Scarpin Feminino Salto Alto Brilho Via Marte adicionado ao carrinho
Produto MOCASSIM FREEWAY COURO CANNES AZUL COBALTO 41 adicionado ao carrinho
Produto Mocassim Infantil Masculino Ortopé Passinhos - Marinho adicionado ao carrinho
Produto MOCASSIM FREEWAY COURO CANNES AZUL COBALTO 41 adicionado ao carrinho
Produto MOCASSIM FREEWAY COURO CANNES AZUL COBALTO 41 adicionado ao carrinho
Produto Mocassim Infantil Masculino Ortopé Passinhos - Marinho adicionado ao carrinho
Produto MOCASSIM FREEWAY COURO CANNES AZUL COBALTO 41 adicionado ao carrinho
Produto MOCASSIM FREEWAY COURO CANNES AZUL COBALTO 41 adicionado ao carrinho
Produto MOCASSIM FREEWAY COURO CANNES AZUL COBALTO 41 adicionado ao carrinho
Produto MOCASSIM FREEWAY COURO CANNES AZUL COBALTO 41 adicionado ao carrinho
Produto MOCASSIM FREEWAY COURO CANNES AZUL COBALTO 41 adicionado ao carrinho
Produto MOCASSIM FREEWAY COURO CANNES AZUL COBALTO 41 adicionado ao carrinho
Produto SAPATO MASCULINO FREEWAY BOOSTER COURO NIGHT adicionado ao carrinho
Produto SANDÁLIA MASCULINA FREEWAY ONIX-2 COURO MOCA 43 adicionado ao carrinho
Produto MOCASSIM FREEWAY COURO CANNES AZUL COBALTO 41 adicionado ao carrinho
Produto Scarpin Feminino Salto Alto Brilho Via Marte adicionado ao carrinho
Produto SANDÁLIA MASCULINA FREEWAY ONIX-2 COURO MOCA 43 adicionado ao carrinho
Produto SANDÁLIA MASCULINA FREEWAY ONIX-2 COURO MOCA 43 adicionado ao carrinho
Produto MOCASSIM FREEWAY COURO CANNES AZUL COBALTO 41 adicionado ao carrinho
Produto Mocassim Infantil Masculino Ortopé Passinhos - Marinho adicionado ao carrinho
Produto MOCASSIM FREEWAY COURO CANNES AZUL COBALTO 41 adicionado ao carrinho
Produto SAPATO MASCULINO FREEWAY BOOSTER COURO NIGHT adicionado ao carrinho
Produto Scarpin Feminino Salto Alto Brilho Via Marte adicionado ao carrinho
Produto SANDÁLIA MASCULINA FREEWAY ONIX-2 COURO MOCA 43 adicionado ao carrinho
Produto Mocassim Infantil Masculino Ortopé Passinhos - Marinho adicionado ao carrinho
Produto Mocassim Infantil Masculino Ortopé Passinhos - Marinho adicionado ao carrinho
Produto Scarpin Feminino Salto Alto Brilho Via Marte adicionado ao carrinho
Produto SAPATO MASCULINO FREEWAY BOOSTER COURO NIGHT adicionado ao carrinho
Produto SANDÁLIA MASCULINA FREEWAY ONIX-2 COURO MOCA 43 adicionado ao carrinho
Produto Mocassim Infantil Masculino Ortopé Passinhos - Marinho adicionado ao carrinho
Produto MOCASSIM FREEWAY COURO CANNES AZUL COBALTO 41 adicionado ao carrinho
Produto Mocassim Infantil Masculino Ortopé Passinhos - Marinho adicionado ao carrinho
Produto Mocassim Infantil Masculino Ortopé Passinhos - Marinho adicionado ao carrinho
Produto Mocassim Infantil Masculino Ortopé Passinhos - Marinho adicionado ao carrinho
Produto Mocassim Infantil Masculino Ortopé Passinhos - Marinho adicionado ao carrinho
Produto Mocassim Infantil Masculino Ortopé Passinhos - Marinho adicionado ao carrinho
Produto Mocassim Infantil Masculino Ortopé Passinhos - Marinho adicionado ao carrinho
Produto Mocassim Infantil Masculino Ortopé Passinhos - Marinho adicionado ao carrinho
Produto SANDÁLIA MASCULINA FREEWAY ONIX-2 COURO MOCA 43 adicionado ao carrinho
Produto Mocassim Infantil Masculino Ortopé Passinhos - Marinho adicionado ao carrinho
Produto SANDÁLIA MASCULINA FREEWAY ONIX-2 COURO MOCA 43 adicionado ao carrinho
Produto Mocassim Infantil Masculino Ortopé Passinhos - Marinho adicionado ao carrinho
Produto SANDÁLIA MASCULINA FREEWAY ONIX-2 COURO MOCA 43 adicionado ao carrinho
Produto SANDÁLIA MASCULINA FREEWAY ONIX-2 COURO MOCA 43 adicionado ao carrinho
Produto BOTA MASCULINA FREEWAY JIMMY COURO PRETO 42 adicionado ao carrinho
Produto Mocassim Infantil Masculino Ortopé Passinhos - Marinho adicionado ao carrinho
Produto Scarpin Feminino Salto Alto Brilho Via Marte adicionado ao carrinho
Produto MOCASSIM FREEWAY COURO CANNES AZUL COBALTO 41 adicionado ao carrinho
Produto BOTA MASCULINA FREEWAY JIMMY COURO PRETO 42 adicionado ao carrinho
Produto Mocassim Infantil Masculino Ortopé Passinhos - Marinho adicionado ao carrinho
Produto SAPATO MASCULINO FREEWAY BOOSTER COURO NIGHT adicionado ao carrinho
Produto MOCASSIM FREEWAY COURO CANNES AZUL COBALTO 41 adicionado ao carrinho
Produto MOCASSIM FREEWAY COURO CANNES AZUL COBALTO 41 adicionado ao carrinho
Produto MOCASSIM FREEWAY COURO CANNES AZUL COBALTO 41 adicionado ao carrinho
Produto Mocassim Infantil Masculino Ortopé Passinhos - Marinho adicionado ao carrinho
Produto BOTA MASCULINA FREEWAY JIMMY COURO PRETO 42 adicionado ao carrinho
Produto MOCASSIM FREEWAY COURO CANNES AZUL COBALTO 41 adicionado ao carrinho
Produto BOTA MASCULINA FREEWAY JIMMY COURO PRETO 42 adicionado ao carrinho
Produto MOCASSIM FREEWAY COURO CANNES AZUL COBALTO 41 adicionado ao carrinho
Produto BOTA MASCULINA FREEWAY JIMMY COURO PRETO 42 adicionado ao carrinho
Produto Scarpin Couro Jorge Bischoff Salto Alto Verniz - Preto adicionado ao carrinho
Produto BOTA MASCULINA FREEWAY JIMMY COURO PRETO 42 adicionado ao carrinho
Produto BOTA MASCULINA FREEWAY JIMMY COURO PRETO 42 adicionado ao carrinho
Produto MOCASSIM FREEWAY COURO CANNES AZUL COBALTO 41 adicionado ao carrinho
Produto Mocassim Infantil Masculino Ortopé Passinhos - Marinho adicionado ao carrinho
Produto SAPATO MASCULINO FREEWAY AVALON 2748 - COURO MASCAVO 41 adicionado ao carrinho
Produto Scarpin Couro Jorge Bischoff Salto Alto Verniz - Preto adicionado ao carrinho
Produto Scarpin Couro Jorge Bischoff Salto Alto Verniz - Preto adicionado ao carrinho
Produto BOTA MASCULINA FREEWAY JIMMY COURO PRETO 42 adicionado ao carrinho
Produto Scarpin Couro Jorge Bischoff Salto Alto Verniz - Preto adicionado ao carrinho
Produto SAPATO MASCULINO FREEWAY AVALON 2748 - COURO MASCAVO 41 adicionado ao carrinho
Produto SAPATO MASCULINO FREEWAY AVALON 2748 - COURO MASCAVO 41 adicionado ao carrinho
Produto SAPATO MASCULINO FREEWAY AVALON 2748 - COURO MASCAVO 41 adicionado ao carrinho
Produto SAPATO MASCULINO FREEWAY AVALON 2748 - COURO MASCAVO 41 adicionado ao carrinho
Produto MOCASSIM FREEWAY COURO CANNES AZUL COBALTO 41 adicionado ao carrinho
Produto Mocassim Infantil Masculino Ortopé Passinhos - Marinho adicionado ao carrinho
Produto Scarpin Couro Jorge Bischoff Salto Alto Verniz - Preto adicionado ao carrinho
Produto MOCASSIM FREEWAY COURO CANNES AZUL COBALTO 41 adicionado ao carrinho
Produto Mocassim Infantil Masculino Ortopé Passinhos - Marinho adicionado ao carrinho
Produto Scarpin Couro Jorge Bischoff Salto Alto Verniz - Preto adicionado ao carrinho
Produto SAPATO MASCULINO FREEWAY AVALON 2748 - COURO MASCAVO 41 adicionado ao carrinho
Produto SANDÁLIA MASCULINA FREEWAY ONIX-2 COURO MOCA 43 adicionado ao carrinho
Produto Scarpin Couro Jorge Bischoff Salto Alto Verniz - Preto adicionado ao carrinho
Produto BOTA MASCULINA FREEWAY JIMMY COURO PRETO 42 adicionado ao carrinho
Produto MOCASSIM FREEWAY COURO CANNES AZUL COBALTO 41 adicionado ao carrinho
Produto SAPATO MASCULINO FREEWAY AVALON 2748 - COURO MASCAVO 41 adicionado ao carrinho
Produto MOCASSIM FREEWAY COURO CANNES AZUL COBALTO 41 adicionado ao carrinho
Produto Scarpin Couro Jorge Bischoff Salto Alto Verniz - Preto adicionado ao carrinho
Produto SAPATO MASCULINO FREEWAY AVALON 2748 - COURO MASCAVO 41 adicionado ao carrinho
Produto Scarpin Couro Jorge Bischoff Salto Alto Verniz - Preto adicionado ao carrinho
Produto MOCASSIM FREEWAY COURO CANNES AZUL COBALTO 41 adicionado ao carrinho
Produto MOCASSIM FREEWAY COURO CANNES AZUL COBALTO 41 adicionado ao carrinho
Produto MOCASSIM FREEWAY COURO CANNES AZUL COBALTO 41 adicionado ao carrinho
Produto MOCASSIM FREEWAY COURO CANNES AZUL COBALTO 41 adicionado ao carrinho
Produto Mocassim Infantil Masculino Ortopé Passinhos - Marinho adicionado ao carrinho
Produto SAPATO MASCULINO FREEWAY AVALON 2748 - COURO MASCAVO 41 adicionado ao carrinho
Produto Scarpin Couro Jorge Bischoff Salto Alto Verniz - Preto adicionado ao carrinho
Produto SAPATO MASCULINO FREEWAY BOOSTER COURO NIGHT adicionado ao carrinho
Produto MOCASSIM FREEWAY COURO CANNES AZUL COBALTO 41 adicionado ao carrinho
Produto SAPATO MASCULINO FREEWAY BOOSTER COURO NIGHT adicionado ao carrinho
Produto SANDÁLIA MASCULINA FREEWAY ONIX-2 COURO MOCA 43 adicionado ao carrinho
Produto Scarpin Couro Jorge Bischoff Salto Alto Verniz - Preto adicionado ao carrinho
Produto MOCASSIM FREEWAY COURO CANNES AZUL COBALTO 41 adicionado ao carrinho
Produto SAPATO MASCULINO FREEWAY BOOSTER COURO NIGHT adicionado ao carrinho
Produto SAPATO MASCULINO FREEWAY BOOSTER COURO NIGHT adicionado ao carrinho
Produto MOCASSIM FREEWAY COURO CANNES AZUL COBALTO 41 adicionado ao carrinho
Produto SANDÁLIA MASCULINA FREEWAY ONIX-2 COURO MOCA 43 adicionado ao carrinho
Produto SAPATO MASCULINO FREEWAY BOOSTER COURO NIGHT adicionado ao carrinho
Produto MOCASSIM FREEWAY COURO CANNES AZUL COBALTO 41 adicionado ao carrinho
Produto SAPATO MASCULINO FREEWAY BOOSTER COURO NIGHT adicionado ao carrinho
Produto MOCASSIM FREEWAY COURO CANNES AZUL COBALTO 41 adicionado ao carrinho
Produto SAPATO MASCULINO FREEWAY BOOSTER COURO NIGHT adicionado ao carrinho
Produto MOCASSIM FREEWAY COURO CANNES AZUL COBALTO 41 adicionado ao carrinho
Produto SAPATO MASCULINO FREEWAY BOOSTER COURO NIGHT adicionado ao carrinho
Produto Cinto de Couro adicionado ao carrinho
Produto SAPATO MASCULINO FREEWAY BOOSTER COURO NIGHT adicionado ao carrinho
Produto MOCASSIM FREEWAY COURO CANNES AZUL COBALTO 41 adicionado ao carrinho
Produto MOCASSIM FREEWAY COURO CANNES AZUL COBALTO 41 adicionado ao carrinho
Produto Sapatilha Klassipé Menina Preto adicionado ao carrinho
Produto MOCASSIM FREEWAY COURO CANNES AZUL COBALTO 41 adicionado ao carrinho
Produto MOCASSIM FREEWAY COURO CANNES AZUL COBALTO 41 adicionado ao carrinho
Produto SANDÁLIA MASCULINA FREEWAY ONIX-2 COURO MOCA 43 adicionado ao carrinho
Produto MOCASSIM FREEWAY COURO CANNES AZUL COBALTO 41 adicionado ao carrinho
Produto MOCASSIM FREEWAY COURO CANNES AZUL COBALTO 41 adicionado ao carrinho
Produto SANDÁLIA MASCULINA FREEWAY ONIX-2 COURO MOCA 43 adicionado ao carrinho
Produto MOCASSIM FREEWAY COURO CANNES AZUL COBALTO 41 adicionado ao carrinho
Produto SAPATO MASCULINO FREEWAY BOOSTER COURO NIGHT adicionado ao carrinho
Produto Cinto de Couro adicionado ao carrinho
Produto SANDÁLIA MASCULINA FREEWAY ONIX-2 COURO MOCA 43 adicionado ao carrinho
Produto SAPATO MASCULINO FREEWAY BOOSTER COURO NIGHT adicionado ao carrinho
Produto MOCASSIM FREEWAY COURO CANNES AZUL COBALTO 41 adicionado ao carrinho
Produto MOCASSIM FREEWAY COURO CANNES AZUL COBALTO 41 adicionado ao carrinho
Produto MOCASSIM FREEWAY COURO CANNES AZUL COBALTO 41 adicionado ao carrinho
Produto SAPATO MASCULINO FREEWAY BOOSTER COURO NIGHT adicionado ao carrinho
Produto MOCASSIM FREEWAY COURO CANNES AZUL COBALTO 41 adicionado ao carrinho
Produto Cinto de Couro adicionado ao carrinho
Produto Scarpin Couro Jorge Bischoff Salto Alto Verniz - Preto adicionado ao carrinho
Produto SAPATO MASCULINO FREEWAY BOOSTER COURO NIGHT adicionado ao carrinho
Produto Scarpin Couro Jorge Bischoff Salto Alto Verniz - Preto adicionado ao carrinho
Produto MOCASSIM FREEWAY COURO CANNES AZUL COBALTO 41 adicionado ao carrinho
Produto Cinto de Couro adicionado ao carrinho
Produto Cinto de Couro adicionado ao carrinho
Produto Cinto de Couro adicionado ao carrinho
Produto SANDÁLIA MASCULINA FREEWAY ONIX-2 COURO MOCA 43 adicionado ao carrinho
Produto Cinto de Couro adicionado ao carrinho
Produto Cinto de Couro adicionado ao carrinho
Produto SAPATO MASCULINO FREEWAY BOOSTER COURO NIGHT adicionado ao carrinho
Produto Scarpin Couro Jorge Bischoff Salto Alto Verniz - Preto adicionado ao carrinho
Produto Cinto de Couro adicionado ao carrinho
Produto Scarpin Couro Jorge Bischoff Salto Alto Verniz - Preto adicionado ao carrinho
Produto SAPATO MASCULINO FREEWAY BOOSTER COURO NIGHT adicionado ao carrinho
Produto MOCASSIM FREEWAY COURO CANNES AZUL COBALTO 41 adicionado ao carrinho
Produto Scarpin Couro Jorge Bischoff Salto Alto Verniz - Preto adicionado ao carrinho
Produto MOCASSIM FREEWAY COURO CANNES AZUL COBALTO 41 adicionado ao carrinho
Produto SAPATO MASCULINO FREEWAY BOOSTER COURO NIGHT adicionado ao carrinho
Produto Cinto de Couro adicionado ao carrinho
Produto MOCASSIM FREEWAY COURO CANNES AZUL COBALTO 41 adicionado ao carrinho
Produto Sapatilha Klassipé Menina Preto adicionado ao carrinho
Produto SANDÁLIA MASCULINA FREEWAY ONIX-2 COURO MOCA 43 adicionado ao carrinho
Produto MOCASSIM FREEWAY COURO CANNES AZUL COBALTO 41 adicionado ao carrinho
Produto SAPATO MASCULINO FREEWAY BOOSTER COURO NIGHT adicionado ao carrinho
Produto MOCASSIM FREEWAY COURO CANNES AZUL COBALTO 41 adicionado ao carrinho
Produto SANDÁLIA MASCULINA FREEWAY ONIX-2 COURO MOCA 43 adicionado ao carrinho
Produto Scarpin Couro Jorge Bischoff Salto Alto Verniz - Preto adicionado ao carrinho
Produto SANDÁLIA MASCULINA FREEWAY ONIX-2 COURO MOCA 43 adicionado ao carrinho
Produto SAPATO MASCULINO FREEWAY BOOSTER COURO NIGHT adicionado ao carrinho
Produto MOCASSIM FREEWAY COURO CANNES AZUL COBALTO 41 adicionado ao carrinho
Produto MOCASSIM FREEWAY COURO CANNES AZUL COBALTO 41 adicionado ao carrinho
Produto SAPATO MASCULINO FREEWAY BOOSTER COURO NIGHT adicionado ao carrinho
Produto MOCASSIM FREEWAY COURO CANNES AZUL COBALTO 41 adicionado ao carrinho
Produto Cinto de Couro adicionado ao carrinho
Produto SAPATO MASCULINO FREEWAY BOOSTER COURO NIGHT adicionado ao carrinho
Produto Scarpin Couro Jorge Bischoff Salto Alto Verniz - Preto adicionado ao carrinho
Produto SANDÁLIA MASCULINA FREEWAY ONIX-2 COURO MOCA 43 adicionado ao carrinho
Produto SANDÁLIA MASCULINA FREEWAY ONIX-2 COURO MOCA 43 adicionado ao carrinho
Produto MOCASSIM FREEWAY COURO CANNES AZUL COBALTO 41 adicionado ao carrinho
Produto MOCASSIM FREEWAY COURO CANNES AZUL COBALTO 41 adicionado ao carrinho
Produto SANDÁLIA MASCULINA FREEWAY ONIX-2 COURO MOCA 43 adicionado ao carrinho
Produto MOCASSIM FREEWAY COURO CANNES AZUL COBALTO 41 adicionado ao carrinho
Produto MOCASSIM FREEWAY COURO CANNES AZUL COBALTO 41 adicionado ao carrinho
Produto Scarpin Couro Jorge Bischoff Salto Alto Verniz - Preto adicionado ao carrinho
Produto SANDÁLIA MASCULINA FREEWAY ONIX-2 COURO MOCA 43 adicionado ao carrinho
Produto Scarpin Couro Jorge Bischoff Salto Alto Verniz - Preto adicionado ao carrinho
Produto Scarpin Couro Jorge Bischoff Salto Alto Verniz - Preto adicionado ao carrinho
Produto Cinto de Couro adicionado ao carrinho
Produto MOCASSIM FREEWAY COURO CANNES AZUL COBALTO 41 adicionado ao carrinho
Produto Cinto de Couro adicionado ao carrinho
Produto Scarpin Couro Jorge Bischoff Salto Alto Verniz - Preto adicionado ao carrinho
Produto MOCASSIM FREEWAY COURO CANNES AZUL COBALTO 41 adicionado ao carrinho
Produto Sapatilha Klassipé Menina Preto adicionado ao carrinho
Produto Cinto de Couro adicionado ao carrinho
Produto Cinto de Couro adicionado ao carrinho
Produto MOCASSIM FREEWAY COURO CANNES AZUL COBALTO 41 adicionado ao carrinho
Produto TÊNIS NIKE AIR VAPORMAX FEMININO adicionado ao carrinho
Produto SAPATO MASCULINO FREEWAY BOOSTER COURO NIGHT adicionado ao carrinho
Produto Cinto de Couro adicionado ao carrinho
Produto TÊNIS NIKE AIR VAPORMAX FEMININO adicionado ao carrinho
Produto TÊNIS NIKE AIR VAPORMAX FEMININO adicionado ao carrinho
Produto SAPATO MASCULINO FREEWAY BOOSTER COURO NIGHT adicionado ao carrinho
Produto MOCASSIM FREEWAY COURO CANNES AZUL COBALTO 41 adicionado ao carrinho
Produto Scarpin Couro Jorge Bischoff Salto Alto Verniz - Preto adicionado ao carrinho
Produto Cinto de Couro adicionado ao carrinho
Produto Cinto de Couro adicionado ao carrinho
Produto MOCASSIM FREEWAY COURO CANNES AZUL COBALTO 41 adicionado ao carrinho
Produto MOCASSIM FREEWAY COURO CANNES AZUL COBALTO 41 adicionado ao carrinho
Produto SAPATO MASCULINO FREEWAY BOOSTER COURO NIGHT adicionado ao carrinho
Produto MOCASSIM FREEWAY COURO CANNES AZUL COBALTO 41 adicionado ao carrinho
Produto TÊNIS NIKE AIR ZOOM PEGASUS 35 FEMININO adicionado ao carrinho
Produto MOCASSIM FREEWAY COURO CANNES AZUL COBALTO 41 adicionado ao carrinho
Produto SAPATO MASCULINO FREEWAY BOOSTER COURO NIGHT adicionado ao carrinho
Produto TÊNIS NIKE AIR ZOOM PEGASUS 35 FEMININO adicionado ao carrinho
Produto SAPATO MASCULINO FREEWAY BOOSTER COURO NIGHT adicionado ao carrinho
Produto SAPATO MASCULINO FREEWAY BOOSTER COURO NIGHT adicionado ao carrinho
Produto SAPATO MASCULINO FREEWAY BOOSTER COURO NIGHT adicionado ao carrinho
Produto Scarpin Couro Jorge Bischoff Salto Alto Verniz - Preto adicionado ao carrinho
Produto MOCASSIM FREEWAY COURO CANNES AZUL COBALTO 41 adicionado ao carrinho
Produto MOCASSIM FREEWAY COURO CANNES AZUL COBALTO 41 adicionado ao carrinho
Produto Scarpin Couro Jorge Bischoff Salto Alto Verniz - Preto adicionado ao carrinho
Produto SIDER MASCULINO FREEWAY NAVY COURO HAVANA 39 adicionado ao carrinho
Produto SANDÁLIA MASCULINA FREEWAY ONIX-2 COURO MOCA 43 adicionado ao carrinho
Produto MOCASSIM FREEWAY COURO CANNES AZUL COBALTO 41 adicionado ao carrinho
Produto Cinto de Couro adicionado ao carrinho
Produto MOCASSIM FREEWAY COURO CANNES AZUL COBALTO 41 adicionado ao carrinho
Produto MOCASSIM FREEWAY COURO CANNES AZUL COBALTO 41 adicionado ao carrinho
Produto SAPATO MASCULINO FREEWAY BOOSTER COURO NIGHT adicionado ao carrinho
Produto MOCASSIM FREEWAY COURO CANNES AZUL COBALTO 41 adicionado ao carrinho
Produto SIDER MASCULINO FREEWAY NAVY COURO HAVANA 39 adicionado ao carrinho
Produto MOCASSIM FREEWAY COURO CANNES AZUL COBALTO 41 adicionado ao carrinho
Produto SAPATO MASCULINO FREEWAY BOOSTER COURO NIGHT adicionado ao carrinho
Produto Cinto de Couro adicionado ao carrinho
Produto MOCASSIM FREEWAY COURO CANNES AZUL COBALTO 41 adicionado ao carrinho
Produto SAPATO MASCULINO FREEWAY BOOSTER COURO NIGHT adicionado ao carrinho
Produto MOCASSIM FREEWAY COURO CANNES AZUL COBALTO adicionado ao carrinho
Produto MOCASSIM FREEWAY COURO CANNES AZUL COBALTO adicionado ao carrinho
Produto SAPATO MASCULINO FREEWAY BOOSTER COURO NIGHT adicionado ao carrinho
Produto SIDER MASCULINO FREEWAY NAVY COURO HAVANA 39 adicionado ao carrinho
Produto SAPATO MASCULINO FREEWAY BOOSTER COURO NIGHT adicionado ao carrinho
Produto SAPATO MASCULINO FREEWAY BOOSTER COURO NIGHT adicionado ao carrinho
Produto Scarpin Couro Jorge Bischoff Salto Alto Verniz - Preto adicionado ao carrinho
Produto SAPATO MASCULINO FREEWAY BOOSTER COURO NIGHT adicionado ao carrinho
Produto SIDER MASCULINO FREEWAY NAVY COURO HAVANA 39 adicionado ao carrinho
Produto MOCASSIM FREEWAY COURO CANNES AZUL COBALTO adicionado ao carrinho
Produto Sapatilha Klassipé Menina Preto adicionado ao carrinho
Produto MOCASSIM FREEWAY COURO CANNES AZUL COBALTO adicionado ao carrinho
Produto SAPATO MASCULINO FREEWAY BOOSTER COURO NIGHT adicionado ao carrinho
Produto SAPATO MASCULINO FREEWAY BOOSTER COURO NIGHT adicionado ao carrinho
Produto MOCASSIM FREEWAY COURO CANNES AZUL COBALTO adicionado ao carrinho
Produto Cinto de Couro adicionado ao carrinho
Produto Cinto de Couro adicionado ao carrinho
Produto SIDER MASCULINO FREEWAY NAVY COURO HAVANA 39 adicionado ao carrinho
Produto SAPATO MASCULINO FREEWAY BOOSTER COURO NIGHT adicionado ao carrinho
Produto SAPATO MASCULINO FREEWAY BOOSTER COURO NIGHT adicionado ao carrinho
Produto SIDER MASCULINO FREEWAY NAVY COURO HAVANA 39 adicionado ao carrinho
Produto Scarpin Couro Jorge Bischoff Salto Alto Verniz - Preto adicionado ao carrinho
Produto SAPATO MASCULINO FREEWAY BOOSTER COURO NIGHT adicionado ao carrinho
Produto MOCASSIM FREEWAY COURO CANNES AZUL COBALTO adicionado ao carrinho
Produto MOCASSIM FREEWAY COURO CANNES AZUL COBALTO adicionado ao carrinho
Produto MOCASSIM FREEWAY COURO CANNES AZUL COBALTO adicionado ao carrinho
Produto SIDER MASCULINO FREEWAY NAVY COURO HAVANA 39 adicionado ao carrinho
Produto Cinto Couro Diesel B-Star Masculino - Preto adicionado ao carrinho
Produto TÊNIS NIKE AIR VAPORMAX FEMININO adicionado ao carrinho
Produto TÊNIS NIKE AIR VAPORMAX FEMININO adicionado ao carrinho
Produto Cinto Couro Colcci Largo Feminino - Preto adicionado ao carrinho
Produto Cinto Couro Colcci Largo Feminino - Preto adicionado ao carrinho
Produto MOCASSIM FREEWAY COURO CANNES AZUL COBALTO adicionado ao carrinho
Produto SIDER MASCULINO FREEWAY NAVY COURO HAVANA 39 adicionado ao carrinho
Produto SIDER MASCULINO FREEWAY NAVY COURO HAVANA 39 adicionado ao carrinho
Produto Cinto Couro Diesel B-Star Masculino - Preto adicionado ao carrinho
Produto Cinto Couro Diesel B-Star Masculino - Preto adicionado ao carrinho
Produto Cinto Couro Colcci Largo Feminino - Preto adicionado ao carrinho
Produto SIDER MASCULINO FREEWAY NAVY COURO HAVANA 39 adicionado ao carrinho
Produto SIDER MASCULINO FREEWAY NAVY COURO HAVANA 39 adicionado ao carrinho
Produto SIDER MASCULINO FREEWAY NAVY COURO HAVANA 39 adicionado ao carrinho
Produto SAPATO MASCULINO FREEWAY BOOSTER COURO NIGHT adicionado ao carrinho
Produto SAPATO MASCULINO FREEWAY BOOSTER COURO NIGHT adicionado ao carrinho
Produto SAPATO MASCULINO FREEWAY BOOSTER COURO NIGHT adicionado ao carrinho
Produto SAPATO MASCULINO FREEWAY BOOSTER COURO NIGHT adicionado ao carrinho
Produto SAPATO MASCULINO FREEWAY BOOSTER COURO NIGHT adicionado ao carrinho
Produto SIDER MASCULINO FREEWAY NAVY COURO HAVANA 39 adicionado ao carrinho
Produto SAPATO MASCULINO FREEWAY BOOSTER COURO NIGHT adicionado ao carrinho
Produto SAPATO MASCULINO FREEWAY BOOSTER COURO NIGHT adicionado ao carrinho
Produto SIDER MASCULINO FREEWAY NAVY COURO HAVANA 39 adicionado ao carrinho
Produto SAPATO MASCULINO FREEWAY BOOSTER COURO NIGHT adicionado ao carrinho
Produto SAPATO MASCULINO FREEWAY BOOSTER COURO NIGHT adicionado ao carrinho
Produto SIDER MASCULINO FREEWAY NAVY COURO HAVANA 39 adicionado ao carrinho
Produto SAPATO MASCULINO FREEWAY BOOSTER COURO NIGHT adicionado ao carrinho
Produto SAPATO MASCULINO FREEWAY BOOSTER COURO NIGHT adicionado ao carrinho
Produto SAPATO MASCULINO FREEWAY BOOSTER COURO NIGHT adicionado ao carrinho
Produto SAPATO MASCULINO FREEWAY BOOSTER COURO NIGHT adicionado ao carrinho
Produto Cinto Couro Diesel B-Star Masculino - Preto adicionado ao carrinho
Produto SIDER MASCULINO FREEWAY NAVY COURO HAVANA 39 adicionado ao carrinho
Produto MOCASSIM FREEWAY COURO CANNES AZUL COBALTO adicionado ao carrinho
Produto Cinto Couro Diesel B-Star Masculino - Preto adicionado ao carrinho
Produto Cinto Couro Diesel B-Star Masculino - Preto adicionado ao carrinho
Produto SIDER MASCULINO FREEWAY NAVY COURO HAVANA 39 adicionado ao carrinho
Produto SAPATO MASCULINO FREEWAY BOOSTER COURO NIGHT adicionado ao carrinho
Produto TÊNIS NIKE AIR VAPORMAX FEMININO adicionado ao carrinho
Produto Cinto Couro Diesel B-Star Masculino - Preto adicionado ao carrinho
Produto Cinto Couro Colcci Largo Feminino - Preto adicionado ao carrinho
Produto SIDER MASCULINO FREEWAY NAVY COURO HAVANA 39 adicionado ao carrinho
Produto MOCASSIM FREEWAY COURO CANNES AZUL COBALTO adicionado ao carrinho
Produto Sapatilha Klassipé Menina Preto adicionado ao carrinho
Produto SIDER MASCULINO FREEWAY NAVY COURO HAVANA 39 adicionado ao carrinho
Produto SAPATO MASCULINO FREEWAY BOOSTER COURO NIGHT adicionado ao carrinho
Produto MOCASSIM FREEWAY COURO CANNES AZUL COBALTO adicionado ao carrinho
Produto MOCASSIM FREEWAY COURO CANNES AZUL COBALTO adicionado ao carrinho
Produto MOCASSIM FREEWAY COURO CANNES AZUL COBALTO adicionado ao carrinho
Produto MOCASSIM FREEWAY COURO CANNES AZUL COBALTO adicionado ao carrinho
Produto Cinto Couro Diesel B-Star Masculino - Preto adicionado ao carrinho
Produto Cinto Couro Diesel B-Star Masculino - Preto adicionado ao carrinho
Produto SAPATO MASCULINO FREEWAY BOOSTER COURO NIGHT adicionado ao carrinho
Produto SAPATO MASCULINO FREEWAY BOOSTER COURO NIGHT adicionado ao carrinho
Produto SIDER MASCULINO FREEWAY NAVY COURO HAVANA 39 adicionado ao carrinho
Produto SIDER MASCULINO FREEWAY NAVY COURO HAVANA 39 adicionado ao carrinho
Produto MOCASSIM FREEWAY COURO CANNES AZUL COBALTO adicionado ao carrinho
Produto MOCASSIM FREEWAY COURO CANNES AZUL COBALTO adicionado ao carrinho
